This file contains any messages produced by compilers while
running configure, to aid debugging if configure makes a mistake.

It was created by python configure 3.9, which was
generated by GNU Autoconf 2.69.  Invocation command line was

  $ ./configure --host=riscv64-linux-gnu --build=riscv64 --disable-ipv6 --target=riscv64-unknown-linux --prefix=/usr --exec-prefix=/usr --sysconfdir=/etc --localstatedir=/var --program-prefix= --disable-gtk-doc --disable-gtk-doc-html --disable-doc --disable-docs --disable-documentation --with-xmlto=no --with-fop=no --disable-dependency-tracking --disable-ipv6 --disable-nls --disable-static --disable-shared --disable-readline --disable-curses --with-libmpdec=none --with-expat=none --disable-sqlite3 --disable-openssl --disable-codecs-cjk --disable-uuid --disable-bzip2 --disable-xz --disable-zlib --disable-ossaudiodev --without-ensurepip --without-cxx-main --disable-pydoc --disable-test-modules --disable-lib2to3 --disable-tk --disable-nis --disable-idle3 --disable-pyc-build --disable-ffi

## --------- ##
## Platform. ##
## --------- ##

hostname = user-MS-7C88
uname -m = x86_64
uname -r = 6.2.0-33-generic
uname -s = Linux
uname -v = #33~22.04.1-Ubuntu SMP PREEMPT_DYNAMIC Thu Sep  7 10:33:52 UTC 2

/usr/bin/uname -p = x86_64
/bin/uname -X     = unknown

/bin/arch              = x86_64
/usr/bin/arch -k       = unknown
/usr/convex/getsysinfo = unknown
/usr/bin/hostinfo      = unknown
/bin/machine           = unknown
/usr/bin/oslevel       = unknown
/bin/universe          = unknown

PATH: /home/user/.cargo/bin
PATH: /home/user/.local/bin
PATH: /usr/local/sbin
PATH: /usr/local/bin
PATH: /usr/sbin
PATH: /usr/bin
PATH: /sbin
PATH: /bin
PATH: /usr/games
PATH: /usr/local/games
PATH: /snap/bin
PATH: /snap/bin
PATH: /home/user/softwares/graalvm/graalvm-ce-java17-22.3.1/bin
PATH: /usr/local/go/bin


## ----------- ##
## Core tests. ##
## ----------- ##

configure:2636: loading site script ../config.site
| ac_cv_file__dev_ptmx=no
| ac_cv_file__dev_ptc=no
configure:2846: checking build system type
configure:2860: result: riscv64-unknown-none
configure:2880: checking host system type
configure:2893: result: riscv64-unknown-linux-gnu
configure:2923: checking for python3.9
configure:2939: found /usr/local/bin/python3.9
configure:2950: result: python3.9
configure:2965: checking for python interpreter for cross build
configure:2978: result: python3.9
configure:3044: checking for --enable-universalsdk
configure:3091: result: no
configure:3114: checking for --with-universal-archs
configure:3129: result: no
configure:3285: checking MACHDEP
configure:3336: result: "linux"
configure:3590: checking for riscv64-linux-gnu-gcc
configure:3617: result: ../../../build/musl-host/bin/musl-clang-target
configure:3886: checking for C compiler version
configure:3895: ../../../build/musl-host/bin/musl-clang-target --version >&5
clang version 14.0.0 (https://github.com/CTSRD-CHERI/llvm-project.git ed9d9964fb200af225739a89bfb988cbe8d8f69e)
Target: riscv64-unknown-linux
Thread model: posix
InstalledDir: /home/user/cheri/output/sdk/bin
configure:3906: $? = 0
configure:3895: ../../../build/musl-host/bin/musl-clang-target -v >&5
clang version 14.0.0 (https://github.com/CTSRD-CHERI/llvm-project.git ed9d9964fb200af225739a89bfb988cbe8d8f69e)
Target: riscv64-unknown-linux
Thread model: posix
InstalledDir: /home/user/cheri/output/sdk/bin
clang-14: warning: argument unused during compilation: '-fuse-ld=musl-clang-target' [-Wunused-command-line-argument]
clang-14: warning: argument unused during compilation: '-static-libgcc' [-Wunused-command-line-argument]
clang-14: warning: argument unused during compilation: '-nostdinc' [-Wunused-command-line-argument]
clang-14: warning: argument unused during compilation: '-nostartfiles' [-Wunused-command-line-argument]
clang-14: warning: argument unused during compilation: '-isystem /home/user/projects/cheri/intravisor/runtime/musl-lkl/build/musl-host/include' [-Wunused-command-line-argument]
clang-14: warning: argument unused during compilation: '-L-user-start' [-Wunused-command-line-argument]
... rest of stderr output deleted ...
configure:3906: $? = 0
configure:3895: ../../../build/musl-host/bin/musl-clang-target -V >&5
clang-14: error: unsupported option '-V -L/home/user/projects/cheri/intravisor/runtime/musl-lkl/build/musl-host/lib'
clang-14: error: no input files
configure:3906: $? = 1
configure:3895: ../../../build/musl-host/bin/musl-clang-target -qversion >&5
clang-14: error: unknown argument '-qversion'; did you mean '--version'?
clang-14: error: no input files
configure:3906: $? = 1
configure:3926: checking whether the C compiler works
configure:3948: ../../../build/musl-host/bin/musl-clang-target -fPIE -fpie -O2  -pie conftest.c  >&5
ld.lld: warning: cannot find entry symbol _start; not setting start address
configure:3952: $? = 0
configure:4000: result: yes
configure:4003: checking for C compiler default output file name
configure:4005: result: a.out
configure:4011: checking for suffix of executables
configure:4018: ../../../build/musl-host/bin/musl-clang-target -o conftest -fPIE -fpie -O2  -pie conftest.c  >&5
ld.lld: warning: cannot find entry symbol _start; not setting start address
configure:4022: $? = 0
configure:4044: result: 
configure:4066: checking whether we are cross compiling
configure:4104: result: yes
configure:4109: checking for suffix of object files
configure:4131: ../../../build/musl-host/bin/musl-clang-target -c -fPIE -fpie -O2  conftest.c >&5
clang-14: warning: argument unused during compilation: '-fuse-ld=musl-clang-target' [-Wunused-command-line-argument]
clang-14: warning: argument unused during compilation: '-static-libgcc' [-Wunused-command-line-argument]
clang-14: warning: argument unused during compilation: '-nostartfiles' [-Wunused-command-line-argument]
clang-14: warning: argument unused during compilation: '-L-user-start' [-Wunused-command-line-argument]
clang-14: warning: argument unused during compilation: '-L/home/user/projects/cheri/intravisor/runtime/musl-lkl/build/musl-host/lib' [-Wunused-command-line-argument]
clang-14: warning: argument unused during compilation: '-L-user-end' [-Wunused-command-line-argument]
clang-14: warning: argument unused during compilation: '-fuse-ld=lld' [-Wunused-command-line-argument]
configure:4135: $? = 0
configure:4156: result: o
configure:4160: checking whether we are using the GNU C compiler
configure:4179: ../../../build/musl-host/bin/musl-clang-target -c -fPIE -fpie -O2  conftest.c >&5
clang-14: warning: argument unused during compilation: '-fuse-ld=musl-clang-target' [-Wunused-command-line-argument]
clang-14: warning: argument unused during compilation: '-static-libgcc' [-Wunused-command-line-argument]
clang-14: warning: argument unused during compilation: '-nostartfiles' [-Wunused-command-line-argument]
clang-14: warning: argument unused during compilation: '-L-user-start' [-Wunused-command-line-argument]
clang-14: warning: argument unused during compilation: '-L/home/user/projects/cheri/intravisor/runtime/musl-lkl/build/musl-host/lib' [-Wunused-command-line-argument]
clang-14: warning: argument unused during compilation: '-L-user-end' [-Wunused-command-line-argument]
clang-14: warning: argument unused during compilation: '-fuse-ld=lld' [-Wunused-command-line-argument]
configure:4179: $? = 0
configure:4188: result: yes
configure:4197: checking whether ../../../build/musl-host/bin/musl-clang-target accepts -g
configure:4217: ../../../build/musl-host/bin/musl-clang-target -c -g  conftest.c >&5
clang-14: warning: argument unused during compilation: '-fuse-ld=musl-clang-target' [-Wunused-command-line-argument]
clang-14: warning: argument unused during compilation: '-static-libgcc' [-Wunused-command-line-argument]
clang-14: warning: argument unused during compilation: '-nostartfiles' [-Wunused-command-line-argument]
clang-14: warning: argument unused during compilation: '-L-user-start' [-Wunused-command-line-argument]
clang-14: warning: argument unused during compilation: '-L/home/user/projects/cheri/intravisor/runtime/musl-lkl/build/musl-host/lib' [-Wunused-command-line-argument]
clang-14: warning: argument unused during compilation: '-L-user-end' [-Wunused-command-line-argument]
clang-14: warning: argument unused during compilation: '-fuse-ld=lld' [-Wunused-command-line-argument]
configure:4217: $? = 0
configure: failed program was:
| /* confdefs.h */
| #define _GNU_SOURCE 1
| #define _NETBSD_SOURCE 1
| #define __BSD_VISIBLE 1
| #define _DARWIN_C_SOURCE 1
| #define _PYTHONFRAMEWORK ""
| #define _XOPEN_SOURCE 700
| #define _XOPEN_SOURCE_EXTENDED 1
| #define _POSIX_C_SOURCE 200809L
| /* end confdefs.h.  */
| 
| int
| main ()
| {
| 
|   ;
|   return 0;
| }
configure:4232: ../../../build/musl-host/bin/musl-clang-target -c   conftest.c >&5
clang-14: warning: argument unused during compilation: '-fuse-ld=musl-clang-target' [-Wunused-command-line-argument]
clang-14: warning: argument unused during compilation: '-static-libgcc' [-Wunused-command-line-argument]
clang-14: warning: argument unused during compilation: '-nostartfiles' [-Wunused-command-line-argument]
clang-14: warning: argument unused during compilation: '-L-user-start' [-Wunused-command-line-argument]
clang-14: warning: argument unused during compilation: '-L/home/user/projects/cheri/intravisor/runtime/musl-lkl/build/musl-host/lib' [-Wunused-command-line-argument]
clang-14: warning: argument unused during compilation: '-L-user-end' [-Wunused-command-line-argument]
clang-14: warning: argument unused during compilation: '-fuse-ld=lld' [-Wunused-command-line-argument]
configure:4232: $? = 0
configure: failed program was:
| /* confdefs.h */
| #define _GNU_SOURCE 1
| #define _NETBSD_SOURCE 1
| #define __BSD_VISIBLE 1
| #define _DARWIN_C_SOURCE 1
| #define _PYTHONFRAMEWORK ""
| #define _XOPEN_SOURCE 700
| #define _XOPEN_SOURCE_EXTENDED 1
| #define _POSIX_C_SOURCE 200809L
| /* end confdefs.h.  */
| 
| int
| main ()
| {
| 
|   ;
|   return 0;
| }
configure:4248: ../../../build/musl-host/bin/musl-clang-target -c -g  conftest.c >&5
clang-14: warning: argument unused during compilation: '-fuse-ld=musl-clang-target' [-Wunused-command-line-argument]
clang-14: warning: argument unused during compilation: '-static-libgcc' [-Wunused-command-line-argument]
clang-14: warning: argument unused during compilation: '-nostartfiles' [-Wunused-command-line-argument]
clang-14: warning: argument unused during compilation: '-L-user-start' [-Wunused-command-line-argument]
clang-14: warning: argument unused during compilation: '-L/home/user/projects/cheri/intravisor/runtime/musl-lkl/build/musl-host/lib' [-Wunused-command-line-argument]
clang-14: warning: argument unused during compilation: '-L-user-end' [-Wunused-command-line-argument]
clang-14: warning: argument unused during compilation: '-fuse-ld=lld' [-Wunused-command-line-argument]
configure:4248: $? = 0
configure:4258: result: yes
configure:4275: checking for ../../../build/musl-host/bin/musl-clang-target option to accept ISO C89
configure:4338: ../../../build/musl-host/bin/musl-clang-target  -c -fPIE -fpie -O2  conftest.c >&5
clang-14: warning: argument unused during compilation: '-fuse-ld=musl-clang-target' [-Wunused-command-line-argument]
clang-14: warning: argument unused during compilation: '-static-libgcc' [-Wunused-command-line-argument]
clang-14: warning: argument unused during compilation: '-nostartfiles' [-Wunused-command-line-argument]
clang-14: warning: argument unused during compilation: '-L-user-start' [-Wunused-command-line-argument]
clang-14: warning: argument unused during compilation: '-L/home/user/projects/cheri/intravisor/runtime/musl-lkl/build/musl-host/lib' [-Wunused-command-line-argument]
clang-14: warning: argument unused during compilation: '-L-user-end' [-Wunused-command-line-argument]
clang-14: warning: argument unused during compilation: '-fuse-ld=lld' [-Wunused-command-line-argument]
configure:4338: $? = 0
configure:4351: result: none needed
configure:4376: checking how to run the C preprocessor
configure:4407: ../../../build/musl-host/bin/musl-clang-target -E  conftest.c
clang-14: warning: argument unused during compilation: '-fuse-ld=musl-clang-target' [-Wunused-command-line-argument]
clang-14: warning: argument unused during compilation: '-static-libgcc' [-Wunused-command-line-argument]
clang-14: warning: argument unused during compilation: '-nostartfiles' [-Wunused-command-line-argument]
clang-14: warning: argument unused during compilation: '-L-user-start' [-Wunused-command-line-argument]
clang-14: warning: argument unused during compilation: '-L/home/user/projects/cheri/intravisor/runtime/musl-lkl/build/musl-host/lib' [-Wunused-command-line-argument]
clang-14: warning: argument unused during compilation: '-L-user-end' [-Wunused-command-line-argument]
clang-14: warning: argument unused during compilation: '-fuse-ld=lld' [-Wunused-command-line-argument]
configure:4407: $? = 0
configure:4421: ../../../build/musl-host/bin/musl-clang-target -E  conftest.c
clang-14: warning: argument unused during compilation: '-fuse-ld=musl-clang-target' [-Wunused-command-line-argument]
clang-14: warning: argument unused during compilation: '-static-libgcc' [-Wunused-command-line-argument]
clang-14: warning: argument unused during compilation: '-nostartfiles' [-Wunused-command-line-argument]
clang-14: warning: argument unused during compilation: '-L-user-start' [-Wunused-command-line-argument]
clang-14: warning: argument unused during compilation: '-L/home/user/projects/cheri/intravisor/runtime/musl-lkl/build/musl-host/lib' [-Wunused-command-line-argument]
clang-14: warning: argument unused during compilation: '-L-user-end' [-Wunused-command-line-argument]
clang-14: warning: argument unused during compilation: '-fuse-ld=lld' [-Wunused-command-line-argument]
conftest.c:11:10: fatal error: 'ac_nonexistent.h' file not found
#include <ac_nonexistent.h>
         ^~~~~~~~~~~~~~~~~~
1 error generated.
configure:4421: $? = 1
configure: failed program was:
| /* confdefs.h */
| #define _GNU_SOURCE 1
| #define _NETBSD_SOURCE 1
| #define __BSD_VISIBLE 1
| #define _DARWIN_C_SOURCE 1
| #define _PYTHONFRAMEWORK ""
| #define _XOPEN_SOURCE 700
| #define _XOPEN_SOURCE_EXTENDED 1
| #define _POSIX_C_SOURCE 200809L
| /* end confdefs.h.  */
| #include <ac_nonexistent.h>
configure:4446: result: ../../../build/musl-host/bin/musl-clang-target -E
configure:4466: ../../../build/musl-host/bin/musl-clang-target -E  conftest.c
clang-14: warning: argument unused during compilation: '-fuse-ld=musl-clang-target' [-Wunused-command-line-argument]
clang-14: warning: argument unused during compilation: '-static-libgcc' [-Wunused-command-line-argument]
clang-14: warning: argument unused during compilation: '-nostartfiles' [-Wunused-command-line-argument]
clang-14: warning: argument unused during compilation: '-L-user-start' [-Wunused-command-line-argument]
clang-14: warning: argument unused during compilation: '-L/home/user/projects/cheri/intravisor/runtime/musl-lkl/build/musl-host/lib' [-Wunused-command-line-argument]
clang-14: warning: argument unused during compilation: '-L-user-end' [-Wunused-command-line-argument]
clang-14: warning: argument unused during compilation: '-fuse-ld=lld' [-Wunused-command-line-argument]
configure:4466: $? = 0
configure:4480: ../../../build/musl-host/bin/musl-clang-target -E  conftest.c
clang-14: warning: argument unused during compilation: '-fuse-ld=musl-clang-target' [-Wunused-command-line-argument]
clang-14: warning: argument unused during compilation: '-static-libgcc' [-Wunused-command-line-argument]
clang-14: warning: argument unused during compilation: '-nostartfiles' [-Wunused-command-line-argument]
clang-14: warning: argument unused during compilation: '-L-user-start' [-Wunused-command-line-argument]
clang-14: warning: argument unused during compilation: '-L/home/user/projects/cheri/intravisor/runtime/musl-lkl/build/musl-host/lib' [-Wunused-command-line-argument]
clang-14: warning: argument unused during compilation: '-L-user-end' [-Wunused-command-line-argument]
clang-14: warning: argument unused during compilation: '-fuse-ld=lld' [-Wunused-command-line-argument]
conftest.c:11:10: fatal error: 'ac_nonexistent.h' file not found
#include <ac_nonexistent.h>
         ^~~~~~~~~~~~~~~~~~
1 error generated.
configure:4480: $? = 1
configure: failed program was:
| /* confdefs.h */
| #define _GNU_SOURCE 1
| #define _NETBSD_SOURCE 1
| #define __BSD_VISIBLE 1
| #define _DARWIN_C_SOURCE 1
| #define _PYTHONFRAMEWORK ""
| #define _XOPEN_SOURCE 700
| #define _XOPEN_SOURCE_EXTENDED 1
| #define _POSIX_C_SOURCE 200809L
| /* end confdefs.h.  */
| #include <ac_nonexistent.h>
configure:4508: checking for grep that handles long lines and -e
configure:4566: result: /usr/bin/grep
configure:4571: checking for a sed that does not truncate output
configure:4635: result: /usr/bin/sed
configure:4643: checking for --with-cxx-main=<compiler>
configure:4669: result: no
configure:5081: checking for riscv64-linux-gnu-c++
configure:5111: result: no
configure:5081: checking for riscv64-linux-gnu-g++
configure:5111: result: no
configure:5081: checking for riscv64-linux-gnu-gcc
configure:5111: result: no
configure:5081: checking for riscv64-linux-gnu-CC
configure:5111: result: no
configure:5081: checking for riscv64-linux-gnu-cxx
configure:5111: result: no
configure:5081: checking for riscv64-linux-gnu-cc++
configure:5111: result: no
configure:5081: checking for riscv64-linux-gnu-cl
configure:5111: result: no
configure:5125: checking for c++
configure:5141: found /usr/bin/c++
configure:5152: result: c++
configure:5168: WARNING: using cross tools not prefixed with host triplet
configure:5187:

  By default, distutils will build C++ extension modules with "c++".
  If this is not intended, then set CXX on the configure command line.
  
configure:5199: checking for the platform triplet based on compiler characteristics
configure:5349: result: riscv64-linux-gnu
configure:5359: error: internal configure error for the platform triplet, please file a bug report

## ---------------- ##
## Cache variables. ##
## ---------------- ##

ac_cv_build=riscv64-unknown-none
ac_cv_c_compiler_gnu=yes
ac_cv_env_CC_set=set
ac_cv_env_CC_value=../../../build/musl-host/bin/musl-clang-target
ac_cv_env_CFLAGS_set=set
ac_cv_env_CFLAGS_value='-fPIE -fpie -O2'
ac_cv_env_CPPFLAGS_set=
ac_cv_env_CPPFLAGS_value=
ac_cv_env_CPP_set=
ac_cv_env_CPP_value=
ac_cv_env_LDFLAGS_set=set
ac_cv_env_LDFLAGS_value=-pie
ac_cv_env_LIBS_set=
ac_cv_env_LIBS_value=
ac_cv_env_MACHDEP_set=
ac_cv_env_MACHDEP_value=
ac_cv_env_PKG_CONFIG_LIBDIR_set=
ac_cv_env_PKG_CONFIG_LIBDIR_value=
ac_cv_env_PKG_CONFIG_PATH_set=
ac_cv_env_PKG_CONFIG_PATH_value=
ac_cv_env_PKG_CONFIG_set=
ac_cv_env_PKG_CONFIG_value=
ac_cv_env_PROFILE_TASK_set=
ac_cv_env_PROFILE_TASK_value=
ac_cv_env_build_alias_set=set
ac_cv_env_build_alias_value=riscv64
ac_cv_env_host_alias_set=set
ac_cv_env_host_alias_value=riscv64-linux-gnu
ac_cv_env_target_alias_set=set
ac_cv_env_target_alias_value=riscv64-unknown-linux
ac_cv_file__dev_ptc=no
ac_cv_file__dev_ptmx=no
ac_cv_host=riscv64-unknown-linux-gnu
ac_cv_objext=o
ac_cv_path_GREP=/usr/bin/grep
ac_cv_path_SED=/usr/bin/sed
ac_cv_prog_CC=../../../build/musl-host/bin/musl-clang-target
ac_cv_prog_CPP='../../../build/musl-host/bin/musl-clang-target -E'
ac_cv_prog_PYTHON_FOR_REGEN=python3.9
ac_cv_prog_ac_ct_CXX=c++
ac_cv_prog_cc_c89=
ac_cv_prog_cc_g=yes

## ----------------- ##
## Output variables. ##
## ----------------- ##

ABIFLAGS=''
ALT_SOABI=''
AR=''
ARCH_RUN_32BIT=''
ARFLAGS=''
BASECFLAGS=''
BASECPPFLAGS=''
BINLIBDEST=''
BLDLIBRARY=''
BLDSHARED=''
BUILDEXEEXT=''
CC='../../../build/musl-host/bin/musl-clang-target'
CCSHARED=''
CFLAGS='-fPIE -fpie -O2'
CFLAGSFORSHARED=''
CFLAGS_ALIASING=''
CFLAGS_NODIST=''
CONFIGURE_MACOSX_DEPLOYMENT_TARGET=''
CONFIG_ARGS=' '\''--host=riscv64-linux-gnu'\'' '\''--build=riscv64'\'' '\''--target=riscv64-unknown-linux'\'' '\''--prefix=/usr'\'' '\''--exec-prefix=/usr'\'' '\''--sysconfdir=/etc'\'' '\''--localstatedir=/var'\'' '\''--program-prefix='\'' '\''--disable-gtk-doc'\'' '\''--disable-gtk-doc-html'\'' '\''--disable-doc'\'' '\''--disable-docs'\'' '\''--disable-documentation'\'' '\''--with-xmlto=no'\'' '\''--with-fop=no'\'' '\''--disable-dependency-tracking'\'' '\''--disable-ipv6'\'' '\''--disable-nls'\'' '\''--disable-static'\'' '\''--disable-shared'\'' '\''--disable-readline'\'' '\''--disable-curses'\'' '\''--with-libmpdec=none'\'' '\''--with-expat=none'\'' '\''--disable-sqlite3'\'' '\''--disable-openssl'\'' '\''--disable-codecs-cjk'\'' '\''--disable-uuid'\'' '\''--disable-bzip2'\'' '\''--disable-xz'\'' '\''--disable-zlib'\'' '\''--disable-ossaudiodev'\'' '\''--without-ensurepip'\'' '\''--without-cxx-main'\'' '\''--disable-pydoc'\'' '\''--disable-test-modules'\'' '\''--disable-lib2to3'\'' '\''--disable-tk'\'' '\''--disable-nis'\'' '\''--disable-idle3'\'' '\''--disable-pyc-build'\'' '\''--disable-ffi'\'' '\''build_alias=riscv64'\'' '\''host_alias=riscv64-linux-gnu'\'' '\''target_alias=riscv64-unknown-linux'\'' '\''CC=../../../build/musl-host/bin/musl-clang-target'\'' '\''CFLAGS=-fPIE -fpie -O2'\'' '\''LDFLAGS=-pie'\'''
CPP='../../../build/musl-host/bin/musl-clang-target -E'
CPPFLAGS=''
CXX='c++'
DEFS=''
DEF_MAKE_ALL_RULE=''
DEF_MAKE_RULE=''
DFLAGS=''
DLINCLDIR=''
DLLLIBRARY=''
DTRACE=''
DTRACE_HEADERS=''
DTRACE_OBJS=''
DYNLOADFILE=''
ECHO_C=''
ECHO_N='-n'
ECHO_T=''
EGREP=''
ENSUREPIP=''
EXEEXT=''
EXPORTSFROM=''
EXPORTSYMS=''
EXPORT_MACOSX_DEPLOYMENT_TARGET='#'
EXT_SUFFIX=''
FRAMEWORKALTINSTALLFIRST=''
FRAMEWORKALTINSTALLLAST=''
FRAMEWORKINSTALLAPPSPREFIX=''
FRAMEWORKINSTALLFIRST=''
FRAMEWORKINSTALLLAST=''
FRAMEWORKPYTHONW=''
FRAMEWORKUNIXTOOLSPREFIX='/usr'
GITBRANCH=''
GITTAG=''
GITVERSION=''
GNULD=''
GREP='/usr/bin/grep'
HAS_GIT='no-repository'
HAVE_GETHOSTBYNAME=''
HAVE_GETHOSTBYNAME_R=''
HAVE_GETHOSTBYNAME_R_3_ARG=''
HAVE_GETHOSTBYNAME_R_5_ARG=''
HAVE_GETHOSTBYNAME_R_6_ARG=''
INSTALL_DATA=''
INSTALL_PROGRAM=''
INSTALL_SCRIPT=''
INSTSONAME=''
LDCXXSHARED=''
LDFLAGS='-pie'
LDFLAGS_NODIST=''
LDLIBRARY=''
LDLIBRARYDIR=''
LDSHARED=''
LDVERSION=''
LIBC=''
LIBFFI_INCLUDEDIR=''
LIBM=''
LIBOBJS=''
LIBPL=''
LIBPYTHON=''
LIBRARY=''
LIBS=''
LIBTOOL_CRUFT=''
LINKCC=''
LINKFORSHARED=''
LIPO_32BIT_FLAGS=''
LLVM_AR=''
LLVM_AR_FOUND=''
LLVM_PROFDATA=''
LLVM_PROF_ERR=''
LLVM_PROF_FILE=''
LLVM_PROF_FOUND=''
LLVM_PROF_MERGER=''
LN=''
LTLIBOBJS=''
MACHDEP='linux'
MACHDEP_OBJS=''
MAINCC='$(CC)'
MKDIR_P=''
MULTIARCH='riscv64-unknown-linux'
MULTIARCH_CPPFLAGS=''
NO_AS_NEEDED=''
OBJEXT='o'
OPENSSL_INCLUDES=''
OPENSSL_LDFLAGS=''
OPENSSL_LIBS=''
OPT=''
OTHER_LIBTOOL_OPT=''
PACKAGE_BUGREPORT='https://bugs.python.org/'
PACKAGE_NAME='python'
PACKAGE_STRING='python 3.9'
PACKAGE_TARNAME='python'
PACKAGE_URL=''
PACKAGE_VERSION='3.9'
PATH_SEPARATOR=':'
PGO_PROF_GEN_FLAG=''
PGO_PROF_USE_FLAG=''
PKG_CONFIG=''
PKG_CONFIG_LIBDIR=''
PKG_CONFIG_PATH=''
PLATFORM_TRIPLET='riscv64-linux-gnu'
PLATLIBDIR=''
PROFILE_TASK=''
PY3LIBRARY=''
PYTHONFRAMEWORK=''
PYTHONFRAMEWORKDIR='no-framework'
PYTHONFRAMEWORKIDENTIFIER='org.python.python'
PYTHONFRAMEWORKINSTALLDIR=''
PYTHONFRAMEWORKPREFIX=''
PYTHON_FOR_BUILD='_PYTHON_PROJECT_BASE=$(abs_builddir) _PYTHON_HOST_PLATFORM=$(_PYTHON_HOST_PLATFORM) PYTHONPATH=$(shell test -f pybuilddir.txt && echo $(abs_builddir)/`cat pybuilddir.txt`:)$(srcdir)/Lib _PYTHON_SYSCONFIGDATA_NAME=_sysconfigdata_$(ABIFLAGS)_$(MACHDEP)_$(MULTIARCH) python3.9'
PYTHON_FOR_REGEN='python3.9'
PY_ENABLE_SHARED=''
READELF=''
RUNSHARED=''
SED='/usr/bin/sed'
SHELL='/bin/sh'
SHLIBS=''
SHLIB_SUFFIX=''
SOABI=''
SOVERSION='1.0'
SRCDIRS=''
TCLTK_INCLUDES=''
TCLTK_LIBS=''
THREADHEADERS=''
TRUE=''
TZPATH=''
UNIVERSALSDK=''
UNIVERSAL_ARCH_FLAGS=''
VERSION='3.9'
_PYTHON_HOST_PLATFORM='linux-riscv64'
ac_ct_AR=''
ac_ct_CC=''
ac_ct_CXX='c++'
ac_ct_READELF=''
bindir='${exec_prefix}/bin'
build='riscv64-unknown-none'
build_alias='riscv64'
build_cpu='riscv64'
build_os='none'
build_vendor='unknown'
datadir='${datarootdir}'
datarootdir='${prefix}/share'
docdir='${datarootdir}/doc/${PACKAGE_TARNAME}'
dvidir='${docdir}'
exec_prefix='/usr'
host='riscv64-unknown-linux-gnu'
host_alias='riscv64-linux-gnu'
host_cpu='riscv64'
host_os='linux-gnu'
host_vendor='unknown'
htmldir='${docdir}'
includedir='${prefix}/include'
infodir='${datarootdir}/info'
libdir='${exec_prefix}/lib'
libexecdir='${exec_prefix}/libexec'
localedir='${datarootdir}/locale'
localstatedir='/var'
mandir='${datarootdir}/man'
oldincludedir='/usr/include'
pdfdir='${docdir}'
prefix='/usr'
program_transform_name='s,x,x,'
psdir='${docdir}'
sbindir='${exec_prefix}/sbin'
sharedstatedir='${prefix}/com'
sysconfdir='/etc'
target_alias='riscv64-unknown-linux'

## ----------- ##
## confdefs.h. ##
## ----------- ##

/* confdefs.h */
#define _GNU_SOURCE 1
#define _NETBSD_SOURCE 1
#define __BSD_VISIBLE 1
#define _DARWIN_C_SOURCE 1
#define _PYTHONFRAMEWORK ""
#define _XOPEN_SOURCE 700
#define _XOPEN_SOURCE_EXTENDED 1
#define _POSIX_C_SOURCE 200809L

configure: exit 1
